UpdateCTestConfiguration  from :/home/user/ros2_ws/build/tortoisebot_waypoints/CTestConfiguration.ini
Parse Config file:/home/user/ros2_ws/build/tortoisebot_waypoints/CTestConfiguration.ini
   Site: 1_xterm
   Build name: (empty)
 Add coverage exclude regular expressions.
SetCTestConfiguration:CMakeCommand:/usr/bin/cmake
Create new tag: 20231201-1804 - Experimental
UpdateCTestConfiguration  from :/home/user/ros2_ws/build/tortoisebot_waypoints/CTestConfiguration.ini
Parse Config file:/home/user/ros2_ws/build/tortoisebot_waypoints/CTestConfiguration.ini
Test project /home/user/ros2_ws/build/tortoisebot_waypoints
Constructing a list of tests
Done constructing a list of tests
Updating test list for fixtures
Added 0 tests to meet fixture requirements
Checking test dependency graph...
Checking test dependency graph end
test 1
    Start 1: tortoisebot_waypoints_test

1: Test command: /usr/bin/python3 "-u" "/opt/ros/galactic/share/ament_cmake_test/cmake/run_test.py" "/home/user/ros2_ws/build/tortoisebot_waypoints/test_results/tortoisebot_waypoints/tortoisebot_waypoints_test.gtest.xml" "--package-name" "tortoisebot_waypoints" "--output-file" "/home/user/ros2_ws/build/tortoisebot_waypoints/ament_cmake_gtest/tortoisebot_waypoints_test.txt" "--command" "/home/user/ros2_ws/build/tortoisebot_waypoints/tortoisebot_waypoints_test" "--gtest_output=xml:/home/user/ros2_ws/build/tortoisebot_waypoints/test_results/tortoisebot_waypoints/tortoisebot_waypoints_test.gtest.xml"
1: Test timeout computed to be: 300
1: -- run_test.py: invoking following command in '/home/user/ros2_ws/build/tortoisebot_waypoints':
1:  - /home/user/ros2_ws/build/tortoisebot_waypoints/tortoisebot_waypoints_test --gtest_output=xml:/home/user/ros2_ws/build/tortoisebot_waypoints/test_results/tortoisebot_waypoints/tortoisebot_waypoints_test.gtest.xml
1: [==========] Running 2 tests from 1 test suite.
1: [----------] Global test environment set-up.
1: [----------] 2 tests from WaypointActionServerTest
1: [ RUN      ] WaypointActionServerTest.ErrorTest
1: [INFO] [1701453840.268634079] [waypoint_action_client]: Sending goal
1: [INFO] [1701453840.276045144] [waypoint_action_client]: Goal accepted by server, waiting for result
1: [INFO] [1701453840.276820576] [waypoint_action_client]: result: true
1: /home/user/ros2_ws/src/tortoisebot_waypoints/test/tortoisebot_waypoints_test.cpp:188: Failure
1: Expected: (err_pos) <= (0.1), actual: 0.707107 vs 0.1
1: /home/user/ros2_ws/src/tortoisebot_waypoints/test/tortoisebot_waypoints_test.cpp:189: Failure
1: Expected: (std::abs(err_yaw)) <= (0.5), actual: 4.07068e+233 vs 0.5
1: [  FAILED  ] WaypointActionServerTest.ErrorTest (251 ms)
1: [ RUN      ] WaypointActionServerTest.CancelGoal
1: [INFO] [1701453840.507562342] [waypoint_action_client]: Sending goal
1: /home/user/ros2_ws/src/tortoisebot_waypoints/test/tortoisebot_waypoints_test.cpp:201: Failure
1: Value of: false
1:   Actual: false
1: Expected: true
1: [  FAILED  ] WaypointActionServerTest.CancelGoal (243 ms)
1: [----------] 2 tests from WaypointActionServerTest (494 ms total)
1: 
1: [----------] Global test environment tear-down
1: [==========] 2 tests from 1 test suite ran. (495 ms total)
1: [  PASSED  ] 0 tests.
1: [  FAILED  ] 2 tests, listed below:
1: [  FAILED  ] WaypointActionServerTest.ErrorTest
1: [  FAILED  ] WaypointActionServerTest.CancelGoal
1: 
1:  2 FAILED TESTS
1: -- run_test.py: return code 1
1: -- run_test.py: inject classname prefix into gtest result file '/home/user/ros2_ws/build/tortoisebot_waypoints/test_results/tortoisebot_waypoints/tortoisebot_waypoints_test.gtest.xml'
1: -- run_test.py: verify result file '/home/user/ros2_ws/build/tortoisebot_waypoints/test_results/tortoisebot_waypoints/tortoisebot_waypoints_test.gtest.xml'
1/1 Test #1: tortoisebot_waypoints_test .......***Failed    0.71 sec

0% tests passed[0;0m, [0;31m1 tests failed[0;0m out of 1

Label Time Summary:
gtest    =   0.71 sec*proc (1 test)

Total Test time (real) =   0.71 sec

The following tests FAILED:
	[0;31m  1 - tortoisebot_waypoints_test (Failed)[0;0m
Errors while running CTest
