[0.109s] Invoking command in '/home/user/ros2_ws/build/tortoisebot_waypoints': CMAKE_PREFIX_PATH=/home/user/ros2_ws/install/tortoisebot_waypoints:/home/user/ros2_ws/install/tortoisebot_waypoints_interface:/home/user/simulation_ws/devel:/opt/ros/noetic:/home/simulations/ros2_sims_ws/install/ros1_bridge:/home/user/ros2_ws/install/ydlidar:/home/user/ros2_ws/install/tortoisebot_slam:/home/user/ros2_ws/install/tortoisebot_navigation:/home/user/ros2_ws/install/tortoisebot_gazebo:/home/user/ros2_ws/install/tortoisebot_firmware:/home/user/ros2_ws/install/tortoisebot_description:/home/user/ros2_ws/install/tortoisebot_bringup LD_LIBRARY_PATH=/home/user/ros2_ws/install/tortoisebot_waypoints_interface/lib:/opt/ros/latest/opt/yaml_cpp_vendor/lib:/opt/ros/latest/opt/rviz_ogre_vendor/lib:/opt/ros/latest/lib/x86_64-linux-gnu:/opt/ros/latest/lib:/home/user/simulation_ws/devel/lib:/opt/ros/noetic/lib:/opt/ros/noetic/lib/x86_64-linux-gnu:/usr/local/cuda-10.2/lib64:/home/user/.catkin_ws_python3/src/TensorRT-7.0.0.11/lib:/home/simulations/ros2_sims_ws/install/ros1_bridge/lib:/home/user/ros2_ws/install/tortoisebot_waypoints/lib:/opt/ros/galactic/opt/yaml_cpp_vendor/lib:/opt/ros/galactic/opt/rviz_ogre_vendor/lib:/opt/ros/galactic/lib/x86_64-linux-gnu:/opt/ros/galactic/lib:/usr/local/cuda-10.2/lib64:/home/user/.catkin_ws_python3/src/TensorRT-7.0.0.11/lib:/usr/lib/x86_64-linux-gnu/gazebo-11/plugins:/usr/lib/x86_64-linux-gnu/gazebo-11/plugins:/usr/lib/x86_64-linux-gnu/gazebo-11/plugins PYTHONPATH=/home/user/ros2_ws/install/tortoisebot_waypoints_interface/lib/python3.8/site-packages:/opt/ros/latest/lib/python/site-packages:/opt/ros/latest/lib/python3.8/site-packages:/home/user/simulation_ws/devel/lib/python3/dist-packages:/opt/ros/noetic/lib/python3/dist-packages:/home/simulations/ros2_sims_ws/install/ros1_bridge/lib/python3.8/site-packages:/home/user/ros2_ws/install/tortoisebot_firmware/lib/python3.8/site-packages:/opt/ros/galactic/lib/python/site-packages:/opt/ros/galactic/lib/python3.8/site-packages:/home/simulations/public_sim_ws/src/all/ros_basics_examples/python_course_class:/home/simulations/public_sim_ws/src/ros_basics_examples/python_course_class:/home/simulations/public_sim_ws/src/all/kinematics_course_utils/kinematics _=/usr/bin/env /usr/bin/ctest -C Release -D ExperimentalTest --no-compress-output -V --force-new-ctest-process
[0.142s] UpdateCTestConfiguration  from :/home/user/ros2_ws/build/tortoisebot_waypoints/CTestConfiguration.ini
[0.143s] Parse Config file:/home/user/ros2_ws/build/tortoisebot_waypoints/CTestConfiguration.ini
[0.143s]    Site: 1_xterm
[0.143s]    Build name: (empty)
[0.143s]  Add coverage exclude regular expressions.
[0.143s] SetCTestConfiguration:CMakeCommand:/usr/bin/cmake
[0.143s] Create new tag: 20231201-1804 - Experimental
[0.144s] UpdateCTestConfiguration  from :/home/user/ros2_ws/build/tortoisebot_waypoints/CTestConfiguration.ini
[0.144s] Parse Config file:/home/user/ros2_ws/build/tortoisebot_waypoints/CTestConfiguration.ini
[0.144s] Test project /home/user/ros2_ws/build/tortoisebot_waypoints
[0.144s] Constructing a list of tests
[0.144s] Done constructing a list of tests
[0.144s] Updating test list for fixtures
[0.145s] Added 0 tests to meet fixture requirements
[0.145s] Checking test dependency graph...
[0.145s] Checking test dependency graph end
[0.145s] test 1
[0.145s]     Start 1: tortoisebot_waypoints_test
[0.145s] 
[0.145s] 1: Test command: /usr/bin/python3 "-u" "/opt/ros/galactic/share/ament_cmake_test/cmake/run_test.py" "/home/user/ros2_ws/build/tortoisebot_waypoints/test_results/tortoisebot_waypoints/tortoisebot_waypoints_test.gtest.xml" "--package-name" "tortoisebot_waypoints" "--output-file" "/home/user/ros2_ws/build/tortoisebot_waypoints/ament_cmake_gtest/tortoisebot_waypoints_test.txt" "--command" "/home/user/ros2_ws/build/tortoisebot_waypoints/tortoisebot_waypoints_test" "--gtest_output=xml:/home/user/ros2_ws/build/tortoisebot_waypoints/test_results/tortoisebot_waypoints/tortoisebot_waypoints_test.gtest.xml"
[0.146s] 1: Test timeout computed to be: 300
[0.286s] 1: -- run_test.py: invoking following command in '/home/user/ros2_ws/build/tortoisebot_waypoints':
[0.287s] 1:  - /home/user/ros2_ws/build/tortoisebot_waypoints/tortoisebot_waypoints_test --gtest_output=xml:/home/user/ros2_ws/build/tortoisebot_waypoints/test_results/tortoisebot_waypoints/tortoisebot_waypoints_test.gtest.xml
[0.338s] 1: [==========] Running 2 tests from 1 test suite.
[0.338s] 1: [----------] Global test environment set-up.
[0.338s] 1: [----------] 2 tests from WaypointActionServerTest
[0.339s] 1: [ RUN      ] WaypointActionServerTest.ErrorTest
[0.379s] 1: [INFO] [1701453840.268634079] [waypoint_action_client]: Sending goal
[0.386s] 1: [INFO] [1701453840.276045144] [waypoint_action_client]: Goal accepted by server, waiting for result
[0.388s] 1: [INFO] [1701453840.276820576] [waypoint_action_client]: result: true
[0.388s] 1: /home/user/ros2_ws/src/tortoisebot_waypoints/test/tortoisebot_waypoints_test.cpp:188: Failure
[0.388s] 1: Expected: (err_pos) <= (0.1), actual: 0.707107 vs 0.1
[0.388s] 1: /home/user/ros2_ws/src/tortoisebot_waypoints/test/tortoisebot_waypoints_test.cpp:189: Failure
[0.388s] 1: Expected: (std::abs(err_yaw)) <= (0.5), actual: 4.07068e+233 vs 0.5
[0.590s] 1: [  FAILED  ] WaypointActionServerTest.ErrorTest (251 ms)
[0.590s] 1: [ RUN      ] WaypointActionServerTest.CancelGoal
[0.618s] 1: [INFO] [1701453840.507562342] [waypoint_action_client]: Sending goal
[0.619s] 1: /home/user/ros2_ws/src/tortoisebot_waypoints/test/tortoisebot_waypoints_test.cpp:201: Failure
[0.619s] 1: Value of: false
[0.619s] 1:   Actual: false
[0.619s] 1: Expected: true
[0.833s] 1: [  FAILED  ] WaypointActionServerTest.CancelGoal (243 ms)
[0.834s] 1: [----------] 2 tests from WaypointActionServerTest (494 ms total)
[0.835s] 1: 
[0.835s] 1: [----------] Global test environment tear-down
[0.835s] 1: [==========] 2 tests from 1 test suite ran. (495 ms total)
[0.836s] 1: [  PASSED  ] 0 tests.
[0.836s] 1: [  FAILED  ] 2 tests, listed below:
[0.836s] 1: [  FAILED  ] WaypointActionServerTest.ErrorTest
[0.836s] 1: [  FAILED  ] WaypointActionServerTest.CancelGoal
[0.836s] 1: 
[0.837s] 1:  2 FAILED TESTS
[0.837s] 1: -- run_test.py: return code 1
[0.837s] 1: -- run_test.py: inject classname prefix into gtest result file '/home/user/ros2_ws/build/tortoisebot_waypoints/test_results/tortoisebot_waypoints/tortoisebot_waypoints_test.gtest.xml'
[0.837s] 1: -- run_test.py: verify result file '/home/user/ros2_ws/build/tortoisebot_waypoints/test_results/tortoisebot_waypoints/tortoisebot_waypoints_test.gtest.xml'
[0.853s] 1/1 Test #1: tortoisebot_waypoints_test .......***Failed    0.71 sec
[0.855s] 
[0.855s] 0% tests passed[0;0m, [0;31m1 tests failed[0;0m out of 1
[0.859s] 
[0.859s] Label Time Summary:
[0.859s] gtest    =   0.71 sec*proc (1 test)
[0.859s] 
[0.859s] Total Test time (real) =   0.71 sec
[0.859s] 
[0.860s] The following tests FAILED:
[0.860s] 	[0;31m  1 - tortoisebot_waypoints_test (Failed)[0;0m
[0.860s] Errors while running CTest
[0.860s] Invoked command in '/home/user/ros2_ws/build/tortoisebot_waypoints' returned '8': CMAKE_PREFIX_PATH=/home/user/ros2_ws/install/tortoisebot_waypoints:/home/user/ros2_ws/install/tortoisebot_waypoints_interface:/home/user/simulation_ws/devel:/opt/ros/noetic:/home/simulations/ros2_sims_ws/install/ros1_bridge:/home/user/ros2_ws/install/ydlidar:/home/user/ros2_ws/install/tortoisebot_slam:/home/user/ros2_ws/install/tortoisebot_navigation:/home/user/ros2_ws/install/tortoisebot_gazebo:/home/user/ros2_ws/install/tortoisebot_firmware:/home/user/ros2_ws/install/tortoisebot_description:/home/user/ros2_ws/install/tortoisebot_bringup LD_LIBRARY_PATH=/home/user/ros2_ws/install/tortoisebot_waypoints_interface/lib:/opt/ros/latest/opt/yaml_cpp_vendor/lib:/opt/ros/latest/opt/rviz_ogre_vendor/lib:/opt/ros/latest/lib/x86_64-linux-gnu:/opt/ros/latest/lib:/home/user/simulation_ws/devel/lib:/opt/ros/noetic/lib:/opt/ros/noetic/lib/x86_64-linux-gnu:/usr/local/cuda-10.2/lib64:/home/user/.catkin_ws_python3/src/TensorRT-7.0.0.11/lib:/home/simulations/ros2_sims_ws/install/ros1_bridge/lib:/home/user/ros2_ws/install/tortoisebot_waypoints/lib:/opt/ros/galactic/opt/yaml_cpp_vendor/lib:/opt/ros/galactic/opt/rviz_ogre_vendor/lib:/opt/ros/galactic/lib/x86_64-linux-gnu:/opt/ros/galactic/lib:/usr/local/cuda-10.2/lib64:/home/user/.catkin_ws_python3/src/TensorRT-7.0.0.11/lib:/usr/lib/x86_64-linux-gnu/gazebo-11/plugins:/usr/lib/x86_64-linux-gnu/gazebo-11/plugins:/usr/lib/x86_64-linux-gnu/gazebo-11/plugins PYTHONPATH=/home/user/ros2_ws/install/tortoisebot_waypoints_interface/lib/python3.8/site-packages:/opt/ros/latest/lib/python/site-packages:/opt/ros/latest/lib/python3.8/site-packages:/home/user/simulation_ws/devel/lib/python3/dist-packages:/opt/ros/noetic/lib/python3/dist-packages:/home/simulations/ros2_sims_ws/install/ros1_bridge/lib/python3.8/site-packages:/home/user/ros2_ws/install/tortoisebot_firmware/lib/python3.8/site-packages:/opt/ros/galactic/lib/python/site-packages:/opt/ros/galactic/lib/python3.8/site-packages:/home/simulations/public_sim_ws/src/all/ros_basics_examples/python_course_class:/home/simulations/public_sim_ws/src/ros_basics_examples/python_course_class:/home/simulations/public_sim_ws/src/all/kinematics_course_utils/kinematics _=/usr/bin/env /usr/bin/ctest -C Release -D ExperimentalTest --no-compress-output -V --force-new-ctest-process
