UpdateCTestConfiguration  from :/home/user/ros2_ws/build/tortoisebot_waypoints/CTestConfiguration.ini
Parse Config file:/home/user/ros2_ws/build/tortoisebot_waypoints/CTestConfiguration.ini
   Site: 1_xterm
   Build name: (empty)
 Add coverage exclude regular expressions.
SetCTestConfiguration:CMakeCommand:/usr/bin/cmake
Create new tag: 20241001-0243 - Experimental
UpdateCTestConfiguration  from :/home/user/ros2_ws/build/tortoisebot_waypoints/CTestConfiguration.ini
Parse Config file:/home/user/ros2_ws/build/tortoisebot_waypoints/CTestConfiguration.ini
Test project /home/user/ros2_ws/build/tortoisebot_waypoints
Constructing a list of tests
Done constructing a list of tests
Updating test list for fixtures
Added 0 tests to meet fixture requirements
Checking test dependency graph...
Checking test dependency graph end
test 1
    Start 1: tortoisebot_waypoints_test

1: Test command: /usr/bin/python3 "-u" "/opt/ros/galactic/share/ament_cmake_test/cmake/run_test.py" "/home/user/ros2_ws/build/tortoisebot_waypoints/test_results/tortoisebot_waypoints/tortoisebot_waypoints_test.gtest.xml" "--package-name" "tortoisebot_waypoints" "--output-file" "/home/user/ros2_ws/build/tortoisebot_waypoints/ament_cmake_gtest/tortoisebot_waypoints_test.txt" "--command" "/home/user/ros2_ws/build/tortoisebot_waypoints/tortoisebot_waypoints_test" "--gtest_output=xml:/home/user/ros2_ws/build/tortoisebot_waypoints/test_results/tortoisebot_waypoints/tortoisebot_waypoints_test.gtest.xml"
1: Test timeout computed to be: 300
1: -- run_test.py: invoking following command in '/home/user/ros2_ws/build/tortoisebot_waypoints':
1:  - /home/user/ros2_ws/build/tortoisebot_waypoints/tortoisebot_waypoints_test --gtest_output=xml:/home/user/ros2_ws/build/tortoisebot_waypoints/test_results/tortoisebot_waypoints/tortoisebot_waypoints_test.gtest.xml
1: [==========] Running 2 tests from 1 test suite.
1: [----------] Global test environment set-up.
1: [----------] 2 tests from WaypointActionServerTest
1: [ RUN      ] WaypointActionServerTest.ErrorTest
1: [INFO] [1727750593.355504491] [waypoint_action_client]: Sending goal
1: [INFO] [1727750593.471544235] [waypoint_action_client]: Goal accepted by server, waiting for result
1: [INFO] [1727750593.482626855] [waypoint_action_client]: result: true
1: [       OK ] WaypointActionServerTest.ErrorTest (725 ms)
1: [ RUN      ] WaypointActionServerTest.CancelGoal
1: [INFO] [1727750594.057108597] [waypoint_action_client]: Sending goal
1: /home/user/ros2_ws/src/tortoisebot_waypoints/test/tortoisebot_waypoints_test.cpp:201: Failure
1: Value of: false
1:   Actual: false
1: Expected: true
1: [  FAILED  ] WaypointActionServerTest.CancelGoal (506 ms)
1: [----------] 2 tests from WaypointActionServerTest (1231 ms total)
1: 
1: [----------] Global test environment tear-down
1: [==========] 2 tests from 1 test suite ran. (1231 ms total)
1: [  PASSED  ] 1 test.
1: [  FAILED  ] 1 test, listed below:
1: [  FAILED  ] WaypointActionServerTest.CancelGoal
1: 
1:  1 FAILED TEST
1: -- run_test.py: return code 1
1: -- run_test.py: inject classname prefix into gtest result file '/home/user/ros2_ws/build/tortoisebot_waypoints/test_results/tortoisebot_waypoints/tortoisebot_waypoints_test.gtest.xml'
1: -- run_test.py: verify result file '/home/user/ros2_ws/build/tortoisebot_waypoints/test_results/tortoisebot_waypoints/tortoisebot_waypoints_test.gtest.xml'
1/1 Test #1: tortoisebot_waypoints_test .......***Failed    1.81 sec

0% tests passed[0;0m, [0;31m1 tests failed[0;0m out of 1

Label Time Summary:
gtest    =   1.81 sec*proc (1 test)

Total Test time (real) =   1.81 sec

The following tests FAILED:
	[0;31m  1 - tortoisebot_waypoints_test (Failed)[0;0m
