<?xml version="1.0" encoding="UTF-8"?>
<Site BuildName="(empty)"
	BuildStamp="20241001-0226-Experimental"
	Name="1_xterm"
	Generator="ctest-3.16.3"
	CompilerName="/usr/bin/c++"
	CompilerVersion="9.4.0"
	OSName="Linux"
	Hostname="3_xterm"
	OSRelease="4.15.0-1009-aws"
	OSVersion="#9-Ubuntu SMP Wed May 16 15:22:54 UTC 2018"
	OSPlatform="x86_64"
	Is64Bits="1"
	VendorString="GenuineIntel"
	VendorID="Intel Corporation"
	FamilyID="6"
	ModelID="63"
	ProcessorCacheSize="25600"
	NumberOfLogicalCPU="8"
	NumberOfPhysicalCPU="4"
	TotalVirtualMemory="0"
	TotalPhysicalMemory="15031"
	LogicalProcessorsPerPhysical="2"
	ProcessorClockFrequency="2900.15"
	>
	<Testing>
		<StartDateTime>Oct 01 02:26 UTC</StartDateTime>
		<StartTestTime>1727749565</StartTestTime>
		<TestList>
			<Test>./tortoisebot_waypoints_test</Test>
		</TestList>
		<Test Status="failed">
			<Name>tortoisebot_waypoints_test</Name>
			<Path>.</Path>
			<FullName>./tortoisebot_waypoints_test</FullName>
			<FullCommandLine>/usr/bin/python3 "-u" "/opt/ros/galactic/share/ament_cmake_test/cmake/run_test.py" "/home/user/ros2_ws/build/tortoisebot_waypoints/test_results/tortoisebot_waypoints/tortoisebot_waypoints_test.gtest.xml" "--package-name" "tortoisebot_waypoints" "--output-file" "/home/user/ros2_ws/build/tortoisebot_waypoints/ament_cmake_gtest/tortoisebot_waypoints_test.txt" "--command" "/home/user/ros2_ws/build/tortoisebot_waypoints/tortoisebot_waypoints_test" "--gtest_output=xml:/home/user/ros2_ws/build/tortoisebot_waypoints/test_results/tortoisebot_waypoints/tortoisebot_waypoints_test.gtest.xml"</FullCommandLine>
			<Results>
				<NamedMeasurement type="text/string" name="Exit Code">
					<Value>Timeout</Value>
				</NamedMeasurement>
				<NamedMeasurement type="text/string" name="Exit Value">
					<Value>0</Value>
				</NamedMeasurement>
				<NamedMeasurement type="numeric/double" name="Execution Time">
					<Value>300.1</Value>
				</NamedMeasurement>
				<NamedMeasurement type="numeric/double" name="Processors">
					<Value>1</Value>
				</NamedMeasurement>
				<NamedMeasurement type="text/string" name="Completion Status">
					<Value>Completed</Value>
				</NamedMeasurement>
				<NamedMeasurement type="text/string" name="Command Line">
					<Value>/usr/bin/python3 "-u" "/opt/ros/galactic/share/ament_cmake_test/cmake/run_test.py" "/home/user/ros2_ws/build/tortoisebot_waypoints/test_results/tortoisebot_waypoints/tortoisebot_waypoints_test.gtest.xml" "--package-name" "tortoisebot_waypoints" "--output-file" "/home/user/ros2_ws/build/tortoisebot_waypoints/ament_cmake_gtest/tortoisebot_waypoints_test.txt" "--command" "/home/user/ros2_ws/build/tortoisebot_waypoints/tortoisebot_waypoints_test" "--gtest_output=xml:/home/user/ros2_ws/build/tortoisebot_waypoints/test_results/tortoisebot_waypoints/tortoisebot_waypoints_test.gtest.xml"</Value>
				</NamedMeasurement>
				<Measurement>
					<Value>-- run_test.py: invoking following command in '/home/user/ros2_ws/build/tortoisebot_waypoints':
 - /home/user/ros2_ws/build/tortoisebot_waypoints/tortoisebot_waypoints_test --gtest_output=xml:/home/user/ros2_ws/build/tortoisebot_waypoints/test_results/tortoisebot_waypoints/tortoisebot_waypoints_test.gtest.xml
[==========] Running 2 tests from 1 test suite.
[----------] Global test environment set-up.
[----------] 2 tests from WaypointActionServerTest
[ RUN      ] WaypointActionServerTest.ErrorTest
</Value>
				</Measurement>
			</Results>
			<Labels>
				<Label>gtest</Label>
			</Labels>
		</Test>
		<EndDateTime>Oct 01 02:31 UTC</EndDateTime>
		<EndTestTime>1727749865</EndTestTime>
		<ElapsedMinutes>5</ElapsedMinutes>
	</Testing>
</Site>
